    1  passwd
    2  wget    https://s3.amazonaws.com/amazon-reviews-pds/tsv/amazon_reviews_us_Books_v1_02.tsv.gz
    3  ls
    4  git --version
    5  mkdir ws_1
    6  ls
    7  cd ws_1
    8  git init
    9  touch newfile.txt
   10  git status
   11  git add newfile.txt
   12  git status
   13  git commit -m "This is my first commit!"
   14  cd ..
   15  ls
   16  cd ws_1
   17  ls
   18  rm newfile.txt
   19  ls
   20  history > cmds.log
   21  ls
   22  less cmds.log
   23  git status
   24  git add cmds.log
   25  git status
   26  git rm --cached newfile.txt
   27  git status
   28  git commit -m "This is my first commit!"
   29  git config --global hannele.padre@sjsu.edu
   30  git config --global hpadre
   31  git commit -m "This is my first commit!"
   32  git config --global user.name "hpadre"
   33  git config --global user.email "hannele.padre@sjsu.edu"
   34  git commit -m "This is my first commit!"
   35  git remote add origin https://github.com/hpadre/worksheet1.git
   36  git branch -M main
   37  git push -u origin main
   38  git remote add origin https://github.com/hpadre/worksheet1.git
   39  git push -u origin main
   40  git remote add origin https://github.com/hpadre/ws1.git
   41  git remote add origin https://github.com/hpadre/ws_1.git
   42  git branch -M main
   43  git push -u origin main
   44  git
   45  history > cmds_2.log
   46  ls
   47  git status
   48  git add cmds_2.log
   49  git status
   50  git commit -m "2nd commit, practicing what I've learned."
   51  git push -u origin main
   52  ls
   53  git --version
   54  mkdir cs131
   55  cd cs131
   56  git init
   57  mkdir ws_1
   58  cd ws_1
   59  history > cmds.log
   60  git status
   61  git add cmds.log
   62  git commit -m "This is my first commit!"
   63  git remote add origin https://github.com/hpadre/cs131.git
   64  git branch -M main
   65  git push -u origin main
   66  git checkout -b ws_1
   67  git branch
   68  history >cmds2.log
   69  ls
   70  git status
   71  git add cmds2.log
   72  git commit -m "This is my second commit!"
   73  git status
   74  git push origin ws_1
   75  ls
   76  cd ..
   77  ls
   78  mkdir test_dir
   79  cd test_dir
   80  git branch
   81  history > cmds3.log
   82  ls
   83  git add cmds3.log
   84  git commit -m "This is my third commit!"
   85  git status
   86  git push origin ws_1
   87  q
   88  exit
   89  git branch
   90  ls
   91  mkdir ws_2
   92  cd ws_2
   93  pwd
   94  tar zxvf /home/hannele/amazon_reviews_us_Books_v1_02.tsv.gz
   95  ls
   96  cd ..
   97  cd ws_2
   98  gunzip /home/hannele/amazon_reviews_us_Books_v1_02.tsv.gz
   99  ls
  100  cd ..
  101  ls
  102  head amazon_reviews_us_Books_v1_02.tsv
  103  egrep "\tY\t" amazon_reviews_us_Books_v1_02.tsv
  104  egrep "  Y  " amazon_reviews_us_Books_v1_02.tsv
  105  egrep "	Y	" amazon_reviews_us_Books_v1_02.tsv
  106  ls
  107  grep Y amazon_reviews_us_Books_v1_02.tsv
  108  grep
  109  grep --help
  110  grep -P "	Y	" amazon_reviews_us_Books_v1_02.tsv
  111  grep -P "     N       " amazon_reviews_us_Books_v1_02.tsv
  112  grep -P "	N	" amazon_reviews_us_Books_v1_02.tsv
  113  grep -P "	Y	" amazon_reviews_us_Books_v1_02.tsv | wc -l
  114  grep -P "	Y	" amazon_reviews_us_Books_v1_02.tsv | wc
  115  grep -P "	Y	" amazon_reviews_us_Books_v1_02.tsv | wc -w
  116  eait
  117  exit
  118  ls
  119  cd ws_2
  120  ls
  121  ~/
  122  pwd
  123  grep -P "	Y	" ~/amazon_reviews_us_Books_v1_02.tsv | wc > counts.txt
  124  ls
  125  less counts.txt
  126  vi counts.txt
  127  less counts.txt
  128  grep -P "	N	" ~/amazon_reviews_us_Books_v1_02.tsv | wc >> counts.txt
  129  ls
  130  vi counts.txt
  131  git checkout -b ws_2
  132  git init
  133  git checkout -b ws_1
  134  git branch
  135  q
  136  git branch
  137  git checkout master
  138  git status
  139  git branch
  140  git branch -a
  141  git branch -d ws_1
  142  exit
  143  ls
  144  git
  145  git status
  146  git init
  147  ls
  148  cd ws_2
  149  git checkout -b ws_2
  150  git branch
  151  ls
  152  history > cmds.log
  153  git status
  154  git add counts.txt
  155  git add cmds.log
  156  git status
  157  git commit -m "This is my ws2 commit!"
  158  git push origin ws_2
  159  git push ws_2
  160  git push
  161  git status
  162  cd ..
  163  cd ws_2
  164  ls
  165  git push origin ws_2
  166  git branch -M main
  167  git status
  168  bit branch
  169  git branch
  170  git push -u origin main
  171  git checkout -b ws_2
  172  git branch
  173  git status
  174  git push origin ws_2
  175  git push ws_2
  176  git push --set-upstream ws_2 ws_2
  177  git push --set-upstream ws_2
  178  cd ..
  179  ls
  180  git push .git
  181  git push --set-upstream .git master
  182  exit
  183  ls
  184  cd cs131
  185  ls
  186  mkdir ws_2
  187  git init
  188  git checkout -b ws_2
  189  git branch
  190  grep -P "	Y	" ~/amazon_reviews_us_Books_v1_02.tsv | wc > counts.txt
  191  ls
  192  vi ws_2
  193  ls
  194  cd cs131
  195  ls
  196  git init
  197  git branch
  198  git status
  199  git ws_2
  200  cd ws_2
  201  ls
  202  cd ..
  203  ls
  204  mv counts.txt ./ws_2
  205  ls
  206  cd ws_2
  207  ls
  208  vi counts.txt
  209  cd ..
  210  ls
  211  cd ws_2
  212  less counts.txt
  213  cd ..
  214  rm -d ws_2
  215  rm -r ws_2
  216  ls
  217  cd ws_2
  218  ls
  219  rm cmds.log
  220  cd ..
  221  rm -d ws_2
  222  rm -r ws_2
  223  ls
  224  cd cs131
  225  ls
  226  cd ws_2
  227  ls
  228  vi counts.txt
  229  grep -P "	N	" ~/amazon_reviews_us_Books_v1_02.tsv | wc >> counts.txt
  230  ls
  231  vi counts.txt
  232  history > cmds.log
  233  ls
  234  git status
  235  git add cmds.log
  236  git status
  237  git add counts.txt
  238  git status
  239  git commit -m "This is my ws2 commit."
  240  git push origin ws_2
  241  cd .
  242  cd ..
  243  exit
  244  mkdir a1
  245  rm -d a1
  246  mkdir A1
  247  ls
  248  mkdir A1
  249  mv a1.txt ./A1
  250  ls
  251  cd A1
  252  ls
  253  vi a1.txt
  254  more a1.txt
  255  q
  256  exit
  257  ls
  258  cd cs131
  259  git init
  260  script a1.txt
  261  rm a1.txt
  262  ls
  263  rm -d A1
  264  ls
  265  cd ws_!
  266  cd ws_1
  267  ls
  268  cd ..
  269  ls
  270  script a1.txt
  271  ls
  272  cd A1
  273  ls
  274  less a1.txt
  275  more a1.txt
  276  ls
  277  rm -d A1
  278  mkdir A1
  279  ~/
  280  cd
  281  pwd
  282  echo "Question 2"
  283  echo "Question 3"
  284  more a1.txt
  285  cd cs131
  286  more a1.txt
  287  cat a1.txt
  288  cd A1
  289  cat
  290  id -u username
  291  id -u hannele
  292  groups
  293  mkdir temp
  294  ls -l
  295  ls
  296  chmod 675 temp
  297  ls -l
  298  ls
  299  ls temp
  300  ls -l temp
  301  cd temp
  302  touch ./temp/testfile.txt
  303  vi /temp/testfile.txt
  304  ls -l temp
  305  lw
  306  ls
  307  vi ./temp/testfile.txt
  308  echo "Question 5"
  309  mkdir temp2
  310  mv temp2 temp3
  311  ls
  312  ls temp3
  313  cd temp3
  314  ls
  315  cd ..
  316  rm temp3
  317  rm -d temp3
  318  ls
  319  mkdir temp2
  320  mv temp2/ temp3/
  321  ls temp3
  322  ls
  323  cd temp3
  324  ls
  325  cd ..
  326  ls temp3/
  327  ls
  328  mkdir temp2
  329  mv temp2 temp3
  330  ls
  331  ls temp3
  332  cp ./temp3/temp2 .
  333  cp -r ./temp3/temp2 .
  334  ls
  335  cd /proc
  336  echo "Question 6"
  337  ls
  338  ls | grep "mem"
  339  less meminfo
  340  echo "Question 7"
  341  head meminfo
  342  head cpuinfo
  343  tail cpuinfo
  344  cat cpuinfo
  345  head meminfo
  346  tail meminfo
  347  ls
  348  cd ..
  349  ls
  350  cd
  351  cd cs131/A!
  352  cs131/A1
  353  cd cs131/A1
  354  cp /home/test/A1/downloaded_hashtags_extend.csv .
  355  ls
  356  less downloaded_hashtags_extend.csv
  357  ls -alth
  358  wc -l downloaded_hashtags_extend.csv
  359  less downloaded_hashtags_extend.csv
  360  grep "great" downloaded_hashtags_extend.csv
  361  grep "GREAT" downloaded_hashtags_extend.csv
  362  grep "Great" downloaded_hashtags_extend.csv
  363  grep "great" downloaded_hashtags_extend.csv
  364  grep -i great case-insensitive
  365  grep -i great downloaded_hashtags_extend.csv
  366  grep -i downloaded_hashtags_extend.csv | wc -l
  367  grep -i great downloaded_hashtags_extend.csv | wc -l
  368  file downloaded_hashtags_extend.csv
  369  man uniq
  370  man sort
  371  man wc
  372  man grep
  373  man awk
  374  grep -i great downloaded_hashtags_extend.csv | awk -F ',' '{print $2}'
  375  man uniq
  376  grep -i great downloaded_hashtags_extend.csv | awk -F ',' '{print $2}' | uniq -u
  377  grep -i great downloaded_hashtags_extend.csv | awk -F ',' '{print $2}' | uniq -u | wc -l
  378  grep -i great downloaded_hashtags_extend.csv | awk -F ',' '{print $2}' | uniq -u -i | wc -l
  379  grep -i great downloaded_hashtags_extend.csv | awk -F ',' '{print $2}' | uniq -u -i | sort
  380  man uniq
  381  grep -i great downloaded_hashtags_extend.csv | awk -F ',' '{print $2}' | uniq
  382  grep -i great downloaded_hashtags_extend.csv | awk -F ',' '{print $2}' | uniq | sort
  383  man uniq
  384  grep -i great downloaded_hashtags_extend.csv | awk -F ',' '{print $2}' | uniq | wc -l
  385  man uniq
  386  grep -i great downloaded_hashtags_extend.csv | awk -F ',' '{print $2}' | uniq -f
  387  grep -i great downloaded_hashtags_extend.csv | awk -F ',' '{print $2}'
  388  grep -i great downloaded_hashtags_extend.csv | awk -F ',' '{print $2}' -i
  389  grep -i great downloaded_hashtags_extend.csv | awk -F ',' '{print $2}' | uniq -i
  390  grep -i great downloaded_hashtags_extend.csv | awk -F ',' '{print $2}' | uniq -i |sort
  391  man uniq
  392  grep -i great downloaded_hashtags_extend.csv | awk -F ',' '{print $2}' | uniq -i | wc -l
  393  grep -i great downloaded_hashtags_extend.csv | awk -F ',' '{print $2}' | uniq -i -u | wc -l
  394  grep -i great downloaded_hashtags_extend.csv | awk -F ',' '{print $2}' | uniq -i -u
  395  grep -i great downloaded_hashtags_extend.csv | awk -F ',' '{print $2}' | uniq -i -u | sort
  396  grep -i great downloaded_hashtags_extend.csv | awk -F ',' '{print $2}' | sort -u
  397  grep -i great downloaded_hashtags_extend.csv | awk -F ',' '{print $2}' | sort -u | wc -l
  398  grep -i great downloaded_hashtags_extend.csv | awk -F ',' '{print $2}' | sort | uniq | together
  399  grep -i great downloaded_hashtags_extend.csv | awk -F ',' '{print $2}' | uniq | sort
  400  grep -i great downloaded_hashtags_extend.csv | awk -F ',' '{print $2}' | uniq -u | sort
  401  grep -i great downloaded_hashtags_extend.csv | awk -F ',' '{print $2}' | uniq -i | sort
  402  grep -i great downloaded_hashtags_extend.csv | awk -F ',' '{print $2}' | uniq -i -u | sort
  403  ks
  404  ls
  405  cd cs131
  406  ls
  407  cd A1
  408  ls
  409  less a1.txt
  410  rm a1.txt
  411  cd ..
  412  git init
  413  script a1.txt
  414  more a1.txt
  415  script a1.txt
  416  more a1.txt
  417  script a1.txt
  418  exit
  419  ls
  420  cd cs131
  421  ls
  422  cd A1
  423  git init
  424  ls
  425  cd A1
  426  echo "Question 12"
  427  iconv
  428  iconv --help
  429  iconv -f UTF-8 -t ascii downloaded_hashtags_extend.csv > hashtags_ascii.txt
  430  iconv -f UTF-8 -t ascii//TRANSLIT downloaded_hashtags_extend.csv > hashtags_ascii.txt
  431  ls
  432  less hashtags_ascii.txt
  433  iconv -f UTF-8 -t ascii//TRANSLIT <<(html2text downloaded_hashtags_extend.csv) > hashtags_ascii2.txt
  434  iconv -f UTF-8 -t ascii//TRANSLIT << (html2text downloaded_hashtags_extend.csv) > hashtags_ascii2.txt
  435  less
  436  ls
  437  less downloaded_hashtags_extend.csv
  438  iconv -f UTF-8 -t ascii//TRANSLIT -o hashtags_ascii1.txt downloaded_hashtags_extend.csv
  439  ls
  440  less hashtags_ascii1.txt
  441  file hashtags_ascii1.txt
  442  file hashtags_ascii.txt
  443  head hashtags_ascii.txt
  444  grep -i great downloaded_hashtags_extend.csv | awk -F ',' '{print $1}' | sort | uniq
  445  grep -i great downloaded_hashtags_extend.csv | awk -F ',' '{print $1}' | sort | uniq | wc -l
  446  grep -i great downloaded_hashtags_extend.csv | awk -F ',' '{print $2}' | sort | uniq | wc -l
  447  grep -i great downloaded_hashtags_extend.csv | awk -F ',' '{print $2}' | sort | uniq 
  448  ls
  449  grep -i great hashtags_ascii.txt | awk -F ',' '{print $2}' | sort | uniq | wc -l
  450  grep -i great hashtags_ascii.txt | awk -F ',' '{print $1}' | sort | uniq | wc -l
  451  grep -i hashtags_ascii.txt | awk -F ',' '{print $2}' | sort | uniq | wc -l
  452  ls
  453  cd cs131
  454  ls
  455  git init
  456  less A1
  457  cd A1
  458  ls
  459  cd ..
  460  less a1.txt
  461  tail a1.txt
  462  cd A1
  463  grep -i great downloaded_hashtags_extend.csv | awk -F ',' '{print $2}' | sort -u | wc -l
  464  grep -i great downloaded_hashtags_extend.csv | awk -F ',' '{print $2}' | sort -u 
  465  grep -i great downloaded_hashtags_extend.csv | awk -F ',' '{print $2}' | sort | uniq
  466  grep -i great downloaded_hashtags_extend.csv | awk -F ',' '{print $2}' | sort | uniq | wc -l
  467  grep -i great downloaded_hashtags_extend.csv | awk -F ',' '{print $2}' | sort | uniq -u | wc -l
  468  grep -i great downloaded_hashtags_extend.csv | awk -F ',' '{print $2}' | sort | uniq -u
  469  script a1.txt
  470  rm a1.txt
  471  cd ..
  472  script a1.txt
  473  vi a1.txt
  474  cp a1.txt a1_unedited.txt
  475  ls
  476  pwd
  477  cd A1
  478  mv /home/hannele/cs131/a1.txt .
  479  mv /home/hannele/cs131/a1_unedited.txt .
  480  la
  481  ls
  482  vi a1.txt
  483  ls
  484  awk -F ',''{print $2}' downloaded_hashtags_extend.csv | sort -u
  485  awk --help
  486  awk -F ',''{print $2}' downloaded_hashtags_extend.csv
  487  awk -F ',''{print $2}' -f downloaded_hashtags_extend.csv
  488  awk -F ',' '{print $2}' hashtags_ascii.txt
  489  awk -F ',' '{print $2}' hashtags_ascii.txt | sort -u
  490  awk -F ',' '{print $2}' hashtags_ascii.txt | sort -u | wc -l
  491  awk -F ',' '{print $2}' downloaded_hashtags_extend.csv | sort -u | wc -l
  492  awk -F ',' '{print $1}' downloaded_hashtags_extend.csv | sort -u | wc -l
  493  awk -F ',' '{print $2}' downloaded_hashtags_extend.csv | uniq -c | wc -l
  494  awk -F ',' '{print $2}' downloaded_hashtags_extend.csv | wc -l
  495  ls
  496  awk -F ',' '{print $1}' hashtags_ascii.txt | sort -u | wc -l
  497  awk -F ',' '{print $1}' hashtags_ascii.txt | uniq -c | wc -l
  498  exit
  499  ls
  500  cd cs131
  501  ls
  502  cd ..
  503  cut -man
  504  cut --help
  505  head amazon_reviews_us_Books_v1_02.tsv
  506  cut -f 2 -d ' ' amazon_reviews_us_Books_v1_02.tsv | head
  507  cut -f 2 -d '	' amazon_reviews_us_Books_v1_02.tsv | head
  508  head amazon_reviews_us_Books_v1_02.tsveee
  509  exit
  510  ln /home/hannele/amazon_reviews_us_Books_v1_02.tsv amazon_reviews_us_Books_v1_02.tsv
  511  ls
  512  ls -alth
  513  head -n 3 amazon_reviews_us_Books_v1_02.tsv
  514  cut -f 2 -d '	' amazon_reviews_us_Books_v1_02.tsv | sort | uniq -c | sort -nr -k 1 | head -3
  515  cut -f 4 -d '	' amazon_reviews_us_Books_v1_02.tsv | sort | uniq -c | sort -nr -k 1 | head -3
  516  history > cmds.log
